[debug] [2020-02-10T00:43:12.135Z] ----------------------------------------------------------------------
[debug] [2020-02-10T00:43:12.137Z] Command:       /Users/lee/.nvm/versions/node/v10.15.3/bin/node /Users/lee/.nvm/versions/node/v10.15.3/bin/firebase serve --only functions
[debug] [2020-02-10T00:43:12.137Z] CLI Version:   7.12.1
[debug] [2020-02-10T00:43:12.137Z] Platform:      darwin
[debug] [2020-02-10T00:43:12.137Z] Node Version:  v10.15.3
[debug] [2020-02-10T00:43:12.138Z] Time:          Mon Feb 10 2020 09:43:12 GMT+0900 (GMT+09:00)
[debug] [2020-02-10T00:43:12.138Z] ----------------------------------------------------------------------
[debug] [2020-02-10T00:43:12.138Z] 
[debug] [2020-02-10T00:43:12.148Z] > command requires scopes: ["email","openid","https://www.googleapis.com/auth/cloudplatformprojects.readonly","https://www.googleapis.com/auth/firebase","https://www.googleapis.com/auth/cloud-platform"]
[debug] [2020-02-10T00:43:12.148Z] > authorizing via signed-in user
[debug] [2020-02-10T00:43:12.149Z] [iam] checking project classting-c59dd for permissions ["firebase.projects.get"]
[debug] [2020-02-10T00:43:12.150Z] >>> HTTP REQUEST POST https://cloudresourcemanager.googleapis.com/v1/projects/classting-c59dd:testIamPermissions  

[debug] [2020-02-10T00:43:13.501Z] <<< HTTP RESPONSE 200
[debug] [2020-02-10T00:43:13.503Z] >>> HTTP REQUEST GET https://firebase.googleapis.com/v1beta1/projects/classting-c59dd  
 
[debug] [2020-02-10T00:43:14.526Z] <<< HTTP RESPONSE 200
[info] ✔  functions: Using node@10 from host.
[info] ✔  functions: Emulator started at http://localhost:5000
[info] i  functions: Watching "/Users/lee/Desktop/lsh/classting/functions" for Cloud Functions...
[debug] [2020-02-10T00:43:14.807Z] [worker-pool] addWorker(~diagnostic~)
[debug] [2020-02-10T00:43:14.807Z] [worker-pool] Adding worker with key ~diagnostic~, total=1
[debug] [2020-02-10T00:43:14.807Z] [worker-pool] submitWork(triggerId=)
[debug] [2020-02-10T00:43:14.808Z] [worker-~diagnostic~-32d52a87-d24a-4e8f-a74a-3c8180818475]: Assigning socketPath: /var/folders/h6/gnq4hnxd1g3gzw050n48gb4r0000gn/T/fire_emu_6978.sock
[debug] [2020-02-10T00:43:14.808Z] [worker-~diagnostic~-32d52a87-d24a-4e8f-a74a-3c8180818475]: BUSY
[debug] [2020-02-10T00:43:15.112Z] [runtime-status] [6978] Functions runtime initialized. {"cwd":"/Users/lee/Desktop/lsh/classting/functions","node_version":"10.15.3"}
[debug] [2020-02-10T00:43:15.114Z] [runtime-status] [6978] Disabled runtime features: {"functions_config_helper":true,"network_filtering":true,"timeout":true,"memory_limiting":true,"admin_stubs":true,"pubsub_emulator":true}
[debug] [2020-02-10T00:43:15.117Z] [runtime-status] [6978] Resolved module firebase-admin {"declared":true,"installed":true,"version":"8.9.2","resolution":"/Users/lee/Desktop/lsh/classting/functions/node_modules/firebase-admin/lib/index.js"}
[debug] [2020-02-10T00:43:15.119Z] [runtime-status] [6978] Resolved module firebase-functions {"declared":true,"installed":true,"version":"3.3.0","resolution":"/Users/lee/Desktop/lsh/classting/functions/node_modules/firebase-functions/lib/index.js"}
[debug] [2020-02-10T00:43:15.120Z] [runtime-status] [6978] Resolved module firebase-functions {"declared":true,"installed":true,"version":"3.3.0","resolution":"/Users/lee/Desktop/lsh/classting/functions/node_modules/firebase-functions/lib/index.js"}
[debug] [2020-02-10T00:43:16.023Z] Unsupported trigger: {"eventTrigger":{"resource":"projects/classting-c59dd","eventType":"providers/firebase.auth/eventTypes/user.create","service":"firebaseauth.googleapis.com"},"name":"createUser","entryPoint":"createUser"}
[info] ✔  functions[vote]: http function initialized (http://localhost:5000/classting-c59dd/asia-east2/vote).
[info] i  functions[createUser]: function ignored because the firebaseauth.googleapis.com emulator does not exist or is not running.
[debug] [2020-02-10T00:43:16.024Z] [worker-~diagnostic~-32d52a87-d24a-4e8f-a74a-3c8180818475]: IDLE
[debug] [2020-02-10T01:21:13.073Z] [work-queue] {"queueLength":1,"workRunningCount":0}
[debug] [2020-02-10T01:21:13.073Z] [work-queue] {"queueLength":0,"workRunningCount":1}
[debug] [2020-02-10T01:21:13.074Z] Accepted request OPTIONS /classting-c59dd/us-central1/vote/all --> vote
[debug] [2020-02-10T01:21:13.082Z] [worker-pool] addWorker(vote)
[debug] [2020-02-10T01:21:13.082Z] [worker-pool] Adding worker with key vote, total=1
[debug] [2020-02-10T01:21:13.082Z] [worker-pool] submitWork(triggerId=vote)
[debug] [2020-02-10T01:21:13.083Z] [worker-vote-46a8d887-54d5-498c-a8e9-5efd391daa1d]: Assigning socketPath: /var/folders/h6/gnq4hnxd1g3gzw050n48gb4r0000gn/T/fire_emu_10154.sock
[debug] [2020-02-10T01:21:13.083Z] [worker-vote-46a8d887-54d5-498c-a8e9-5efd391daa1d]: BUSY
[debug] [2020-02-10T01:21:13.584Z] [runtime-status] [10154] Functions runtime initialized. {"cwd":"/Users/lee/Desktop/lsh/classting/functions","node_version":"10.15.3"}
[debug] [2020-02-10T01:21:13.586Z] [runtime-status] [10154] Disabled runtime features: {"functions_config_helper":true,"network_filtering":true,"timeout":true,"memory_limiting":true,"admin_stubs":true,"pubsub_emulator":true}
[debug] [2020-02-10T01:21:13.589Z] [runtime-status] [10154] Resolved module firebase-admin {"declared":true,"installed":true,"version":"8.9.2","resolution":"/Users/lee/Desktop/lsh/classting/functions/node_modules/firebase-admin/lib/index.js"}
[debug] [2020-02-10T01:21:13.591Z] [runtime-status] [10154] Resolved module firebase-functions {"declared":true,"installed":true,"version":"3.3.0","resolution":"/Users/lee/Desktop/lsh/classting/functions/node_modules/firebase-functions/lib/index.js"}
[debug] [2020-02-10T01:21:13.592Z] [runtime-status] [10154] Resolved module firebase-functions {"declared":true,"installed":true,"version":"3.3.0","resolution":"/Users/lee/Desktop/lsh/classting/functions/node_modules/firebase-functions/lib/index.js"}
[debug] [2020-02-10T01:21:15.500Z] [runtime-status] [10154] Trigger "vote" has been found, beginning invocation!
[info] i  functions: Beginning execution of "vote"
[debug] [2020-02-10T01:21:15.503Z] [runtime-status] [10154] triggerDefinition {"regions":["asia-east2"],"httpsTrigger":{},"name":"vote","entryPoint":"vote"}
[debug] [2020-02-10T01:21:15.503Z] [runtime-status] [10154] Running vote in mode HTTPS
[debug] [2020-02-10T01:21:15.511Z] [runtime-status] [10154] Attempting to listen to socketPath: /var/folders/h6/gnq4hnxd1g3gzw050n48gb4r0000gn/T/fire_emu_10154.sock
[debug] [2020-02-10T01:21:15.530Z] [functions] Runtime ready! Sending request!
[debug] [2020-02-10T01:21:15.584Z] [runtime-status] [10154] Ephemeral server handling OPTIONS request
[debug] [2020-02-10T01:21:15.599Z] [runtime-status] [10154] Ephemeral server survived.
[info] i  functions: Finished "vote" in ~1s
[debug] [2020-02-10T01:21:15.601Z] [worker-vote-46a8d887-54d5-498c-a8e9-5efd391daa1d]: IDLE
[debug] [2020-02-10T01:21:15.601Z] [work-queue] {"queueLength":0,"workRunningCount":0}
[debug] [2020-02-10T01:21:15.603Z] [work-queue] {"queueLength":1,"workRunningCount":0}
[debug] [2020-02-10T01:21:15.603Z] [work-queue] {"queueLength":0,"workRunningCount":1}
[debug] [2020-02-10T01:21:15.603Z] Accepted request GET /classting-c59dd/us-central1/vote/all --> vote
[debug] [2020-02-10T01:21:15.603Z] [worker-pool] submitWork(triggerId=vote)
[debug] [2020-02-10T01:21:15.603Z] [worker-vote-46a8d887-54d5-498c-a8e9-5efd391daa1d]: Assigning socketPath: /var/folders/h6/gnq4hnxd1g3gzw050n48gb4r0000gn/T/fire_emu_10154.sock
[debug] [2020-02-10T01:21:15.603Z] [worker-vote-46a8d887-54d5-498c-a8e9-5efd391daa1d]: BUSY
[debug] [2020-02-10T01:21:15.610Z] [runtime-status] [10154] Trigger "vote" has been found, beginning invocation!
[info] i  functions: Beginning execution of "vote"
[debug] [2020-02-10T01:21:15.611Z] [runtime-status] [10154] triggerDefinition {"regions":["asia-east2"],"httpsTrigger":{},"name":"vote","entryPoint":"vote"}
[debug] [2020-02-10T01:21:15.611Z] [runtime-status] [10154] Running vote in mode HTTPS
[debug] [2020-02-10T01:21:15.611Z] [runtime-status] [10154] Attempting to listen to socketPath: /var/folders/h6/gnq4hnxd1g3gzw050n48gb4r0000gn/T/fire_emu_10154.sock
[debug] [2020-02-10T01:21:15.613Z] [functions] Runtime ready! Sending request!
[debug] [2020-02-10T01:21:15.615Z] [runtime-status] [10154] Ephemeral server handling GET request
[debug] [2020-02-10T01:21:15.668Z] [runtime-status] [10154] Ephemeral server survived.
[info] i  functions: Finished "vote" in ~1s
[debug] [2020-02-10T01:21:17.127Z] [worker-vote-46a8d887-54d5-498c-a8e9-5efd391daa1d]: IDLE
[debug] [2020-02-10T01:21:17.127Z] [work-queue] {"queueLength":0,"workRunningCount":0}
[debug] [2020-02-10T01:36:53.113Z] [work-queue] {"queueLength":1,"workRunningCount":0}
[debug] [2020-02-10T01:36:53.113Z] [work-queue] {"queueLength":0,"workRunningCount":1}
[debug] [2020-02-10T01:36:53.113Z] Accepted request OPTIONS /classting-c59dd/us-central1/vote/all --> vote
[debug] [2020-02-10T01:36:53.114Z] [worker-pool] submitWork(triggerId=vote)
[debug] [2020-02-10T01:36:53.114Z] [worker-vote-46a8d887-54d5-498c-a8e9-5efd391daa1d]: Assigning socketPath: /var/folders/h6/gnq4hnxd1g3gzw050n48gb4r0000gn/T/fire_emu_10154.sock
[debug] [2020-02-10T01:36:53.114Z] [worker-vote-46a8d887-54d5-498c-a8e9-5efd391daa1d]: BUSY
[debug] [2020-02-10T01:36:53.118Z] [runtime-status] [10154] Trigger "vote" has been found, beginning invocation!
[info] i  functions: Beginning execution of "vote"
[debug] [2020-02-10T01:36:53.118Z] [runtime-status] [10154] triggerDefinition {"regions":["asia-east2"],"httpsTrigger":{},"name":"vote","entryPoint":"vote"}
[debug] [2020-02-10T01:36:53.118Z] [runtime-status] [10154] Running vote in mode HTTPS
[debug] [2020-02-10T01:36:53.118Z] [runtime-status] [10154] Attempting to listen to socketPath: /var/folders/h6/gnq4hnxd1g3gzw050n48gb4r0000gn/T/fire_emu_10154.sock
[debug] [2020-02-10T01:36:53.120Z] [functions] Runtime ready! Sending request!
[debug] [2020-02-10T01:36:53.123Z] [runtime-status] [10154] Ephemeral server handling OPTIONS request
[debug] [2020-02-10T01:36:53.124Z] [runtime-status] [10154] Ephemeral server survived.
[info] i  functions: Finished "vote" in ~1s
[debug] [2020-02-10T01:36:53.125Z] [worker-vote-46a8d887-54d5-498c-a8e9-5efd391daa1d]: IDLE
[debug] [2020-02-10T01:36:53.125Z] [work-queue] {"queueLength":0,"workRunningCount":0}
[debug] [2020-02-10T01:36:53.138Z] [work-queue] {"queueLength":1,"workRunningCount":0}
[debug] [2020-02-10T01:36:53.138Z] [work-queue] {"queueLength":0,"workRunningCount":1}
[debug] [2020-02-10T01:36:53.138Z] Accepted request GET /classting-c59dd/us-central1/vote/all --> vote
[debug] [2020-02-10T01:36:53.138Z] [worker-pool] submitWork(triggerId=vote)
[debug] [2020-02-10T01:36:53.138Z] [worker-vote-46a8d887-54d5-498c-a8e9-5efd391daa1d]: Assigning socketPath: /var/folders/h6/gnq4hnxd1g3gzw050n48gb4r0000gn/T/fire_emu_10154.sock
[debug] [2020-02-10T01:36:53.138Z] [worker-vote-46a8d887-54d5-498c-a8e9-5efd391daa1d]: BUSY
[debug] [2020-02-10T01:36:53.139Z] [runtime-status] [10154] Trigger "vote" has been found, beginning invocation!
[info] i  functions: Beginning execution of "vote"
[debug] [2020-02-10T01:36:53.139Z] [runtime-status] [10154] triggerDefinition {"regions":["asia-east2"],"httpsTrigger":{},"name":"vote","entryPoint":"vote"}
[debug] [2020-02-10T01:36:53.139Z] [runtime-status] [10154] Running vote in mode HTTPS
[debug] [2020-02-10T01:36:53.139Z] [runtime-status] [10154] Attempting to listen to socketPath: /var/folders/h6/gnq4hnxd1g3gzw050n48gb4r0000gn/T/fire_emu_10154.sock
[debug] [2020-02-10T01:36:53.142Z] [functions] Runtime ready! Sending request!
[debug] [2020-02-10T01:36:53.144Z] [runtime-status] [10154] Ephemeral server handling GET request
[debug] [2020-02-10T01:36:53.145Z] [runtime-status] [10154] Ephemeral server survived.
[info] i  functions: Finished "vote" in ~1s
[debug] [2020-02-10T01:36:54.046Z] [worker-vote-46a8d887-54d5-498c-a8e9-5efd391daa1d]: IDLE
[debug] [2020-02-10T01:36:54.046Z] [work-queue] {"queueLength":0,"workRunningCount":0}
[debug] [2020-02-10T01:37:41.317Z] [work-queue] {"queueLength":1,"workRunningCount":0}
[debug] [2020-02-10T01:37:41.317Z] [work-queue] {"queueLength":0,"workRunningCount":1}
[debug] [2020-02-10T01:37:41.317Z] Accepted request OPTIONS /classting-c59dd/us-central1/vote/all --> vote
[debug] [2020-02-10T01:37:41.318Z] [worker-pool] submitWork(triggerId=vote)
[debug] [2020-02-10T01:37:41.318Z] [worker-vote-46a8d887-54d5-498c-a8e9-5efd391daa1d]: Assigning socketPath: /var/folders/h6/gnq4hnxd1g3gzw050n48gb4r0000gn/T/fire_emu_10154.sock
[debug] [2020-02-10T01:37:41.318Z] [worker-vote-46a8d887-54d5-498c-a8e9-5efd391daa1d]: BUSY
[debug] [2020-02-10T01:37:41.318Z] [runtime-status] [10154] Trigger "vote" has been found, beginning invocation!
[info] i  functions: Beginning execution of "vote"
[debug] [2020-02-10T01:37:41.318Z] [runtime-status] [10154] triggerDefinition {"regions":["asia-east2"],"httpsTrigger":{},"name":"vote","entryPoint":"vote"}
[debug] [2020-02-10T01:37:41.319Z] [runtime-status] [10154] Running vote in mode HTTPS
[debug] [2020-02-10T01:37:41.319Z] [runtime-status] [10154] Attempting to listen to socketPath: /var/folders/h6/gnq4hnxd1g3gzw050n48gb4r0000gn/T/fire_emu_10154.sock
[debug] [2020-02-10T01:37:41.319Z] [functions] Runtime ready! Sending request!
[debug] [2020-02-10T01:37:41.322Z] [runtime-status] [10154] Ephemeral server handling OPTIONS request
[debug] [2020-02-10T01:37:41.323Z] [runtime-status] [10154] Ephemeral server survived.
[info] i  functions: Finished "vote" in ~1s
[debug] [2020-02-10T01:37:41.323Z] [worker-vote-46a8d887-54d5-498c-a8e9-5efd391daa1d]: IDLE
[debug] [2020-02-10T01:37:41.323Z] [work-queue] {"queueLength":0,"workRunningCount":0}
[debug] [2020-02-10T01:37:41.326Z] [work-queue] {"queueLength":1,"workRunningCount":0}
[debug] [2020-02-10T01:37:41.326Z] [work-queue] {"queueLength":0,"workRunningCount":1}
[debug] [2020-02-10T01:37:41.326Z] Accepted request GET /classting-c59dd/us-central1/vote/all --> vote
[debug] [2020-02-10T01:37:41.326Z] [worker-pool] submitWork(triggerId=vote)
[debug] [2020-02-10T01:37:41.326Z] [worker-vote-46a8d887-54d5-498c-a8e9-5efd391daa1d]: Assigning socketPath: /var/folders/h6/gnq4hnxd1g3gzw050n48gb4r0000gn/T/fire_emu_10154.sock
[debug] [2020-02-10T01:37:41.326Z] [worker-vote-46a8d887-54d5-498c-a8e9-5efd391daa1d]: BUSY
[debug] [2020-02-10T01:37:41.334Z] [runtime-status] [10154] Trigger "vote" has been found, beginning invocation!
[info] i  functions: Beginning execution of "vote"
[debug] [2020-02-10T01:37:41.334Z] [runtime-status] [10154] triggerDefinition {"regions":["asia-east2"],"httpsTrigger":{},"name":"vote","entryPoint":"vote"}
[debug] [2020-02-10T01:37:41.334Z] [runtime-status] [10154] Running vote in mode HTTPS
[debug] [2020-02-10T01:37:41.334Z] [runtime-status] [10154] Attempting to listen to socketPath: /var/folders/h6/gnq4hnxd1g3gzw050n48gb4r0000gn/T/fire_emu_10154.sock
[debug] [2020-02-10T01:37:41.335Z] [functions] Runtime ready! Sending request!
[debug] [2020-02-10T01:37:41.337Z] [runtime-status] [10154] Ephemeral server handling GET request
[debug] [2020-02-10T01:37:41.337Z] [runtime-status] [10154] Ephemeral server survived.
[info] i  functions: Finished "vote" in ~1s
[debug] [2020-02-10T01:37:41.945Z] [worker-vote-46a8d887-54d5-498c-a8e9-5efd391daa1d]: IDLE
[debug] [2020-02-10T01:37:41.945Z] [work-queue] {"queueLength":0,"workRunningCount":0}
[debug] [2020-02-10T01:41:45.842Z] [work-queue] {"queueLength":1,"workRunningCount":0}
[debug] [2020-02-10T01:41:45.842Z] [work-queue] {"queueLength":0,"workRunningCount":1}
[debug] [2020-02-10T01:41:45.842Z] Accepted request OPTIONS /classting-c59dd/us-central1/vote/all --> vote
[debug] [2020-02-10T01:41:45.842Z] [worker-pool] submitWork(triggerId=vote)
[debug] [2020-02-10T01:41:45.842Z] [worker-vote-46a8d887-54d5-498c-a8e9-5efd391daa1d]: Assigning socketPath: /var/folders/h6/gnq4hnxd1g3gzw050n48gb4r0000gn/T/fire_emu_10154.sock
[debug] [2020-02-10T01:41:45.842Z] [worker-vote-46a8d887-54d5-498c-a8e9-5efd391daa1d]: BUSY
[debug] [2020-02-10T01:41:45.844Z] [runtime-status] [10154] Trigger "vote" has been found, beginning invocation!
[info] i  functions: Beginning execution of "vote"
[debug] [2020-02-10T01:41:45.844Z] [runtime-status] [10154] triggerDefinition {"regions":["asia-east2"],"httpsTrigger":{},"name":"vote","entryPoint":"vote"}
[debug] [2020-02-10T01:41:45.844Z] [runtime-status] [10154] Running vote in mode HTTPS
[debug] [2020-02-10T01:41:45.844Z] [runtime-status] [10154] Attempting to listen to socketPath: /var/folders/h6/gnq4hnxd1g3gzw050n48gb4r0000gn/T/fire_emu_10154.sock
[debug] [2020-02-10T01:41:45.845Z] [functions] Runtime ready! Sending request!
[debug] [2020-02-10T01:41:45.848Z] [runtime-status] [10154] Ephemeral server handling OPTIONS request
[debug] [2020-02-10T01:41:45.849Z] [runtime-status] [10154] Ephemeral server survived.
[info] i  functions: Finished "vote" in ~1s
[debug] [2020-02-10T01:41:45.850Z] [worker-vote-46a8d887-54d5-498c-a8e9-5efd391daa1d]: IDLE
[debug] [2020-02-10T01:41:45.850Z] [work-queue] {"queueLength":0,"workRunningCount":0}
[debug] [2020-02-10T01:41:45.855Z] [work-queue] {"queueLength":1,"workRunningCount":0}
[debug] [2020-02-10T01:41:45.855Z] [work-queue] {"queueLength":0,"workRunningCount":1}
[debug] [2020-02-10T01:41:45.855Z] Accepted request GET /classting-c59dd/us-central1/vote/all --> vote
[debug] [2020-02-10T01:41:45.855Z] [worker-pool] submitWork(triggerId=vote)
[debug] [2020-02-10T01:41:45.855Z] [worker-vote-46a8d887-54d5-498c-a8e9-5efd391daa1d]: Assigning socketPath: /var/folders/h6/gnq4hnxd1g3gzw050n48gb4r0000gn/T/fire_emu_10154.sock
[debug] [2020-02-10T01:41:45.855Z] [worker-vote-46a8d887-54d5-498c-a8e9-5efd391daa1d]: BUSY
[debug] [2020-02-10T01:41:45.861Z] [runtime-status] [10154] Trigger "vote" has been found, beginning invocation!
[info] i  functions: Beginning execution of "vote"
[debug] [2020-02-10T01:41:45.861Z] [runtime-status] [10154] triggerDefinition {"regions":["asia-east2"],"httpsTrigger":{},"name":"vote","entryPoint":"vote"}
[debug] [2020-02-10T01:41:45.861Z] [runtime-status] [10154] Running vote in mode HTTPS
[debug] [2020-02-10T01:41:45.861Z] [runtime-status] [10154] Attempting to listen to socketPath: /var/folders/h6/gnq4hnxd1g3gzw050n48gb4r0000gn/T/fire_emu_10154.sock
[debug] [2020-02-10T01:41:45.862Z] [functions] Runtime ready! Sending request!
[debug] [2020-02-10T01:41:45.864Z] [runtime-status] [10154] Ephemeral server handling GET request
[debug] [2020-02-10T01:41:45.865Z] [runtime-status] [10154] Ephemeral server survived.
[info] i  functions: Finished "vote" in ~1s
[debug] [2020-02-10T01:41:46.709Z] [worker-vote-46a8d887-54d5-498c-a8e9-5efd391daa1d]: IDLE
[debug] [2020-02-10T01:41:46.709Z] [work-queue] {"queueLength":0,"workRunningCount":0}
[debug] [2020-02-10T01:42:06.326Z] [work-queue] {"queueLength":1,"workRunningCount":0}
[debug] [2020-02-10T01:42:06.326Z] [work-queue] {"queueLength":0,"workRunningCount":1}
[debug] [2020-02-10T01:42:06.326Z] Accepted request OPTIONS /classting-c59dd/us-central1/vote/all --> vote
[debug] [2020-02-10T01:42:06.326Z] [worker-pool] submitWork(triggerId=vote)
[debug] [2020-02-10T01:42:06.326Z] [worker-vote-46a8d887-54d5-498c-a8e9-5efd391daa1d]: Assigning socketPath: /var/folders/h6/gnq4hnxd1g3gzw050n48gb4r0000gn/T/fire_emu_10154.sock
[debug] [2020-02-10T01:42:06.326Z] [worker-vote-46a8d887-54d5-498c-a8e9-5efd391daa1d]: BUSY
[debug] [2020-02-10T01:42:06.327Z] [runtime-status] [10154] Trigger "vote" has been found, beginning invocation!
[info] i  functions: Beginning execution of "vote"
[debug] [2020-02-10T01:42:06.327Z] [runtime-status] [10154] triggerDefinition {"regions":["asia-east2"],"httpsTrigger":{},"name":"vote","entryPoint":"vote"}
[debug] [2020-02-10T01:42:06.328Z] [runtime-status] [10154] Running vote in mode HTTPS
[debug] [2020-02-10T01:42:06.328Z] [runtime-status] [10154] Attempting to listen to socketPath: /var/folders/h6/gnq4hnxd1g3gzw050n48gb4r0000gn/T/fire_emu_10154.sock
[debug] [2020-02-10T01:42:06.328Z] [functions] Runtime ready! Sending request!
[debug] [2020-02-10T01:42:06.330Z] [runtime-status] [10154] Ephemeral server handling OPTIONS request
[debug] [2020-02-10T01:42:06.331Z] [runtime-status] [10154] Ephemeral server survived.
[info] i  functions: Finished "vote" in ~1s
[debug] [2020-02-10T01:42:06.331Z] [worker-vote-46a8d887-54d5-498c-a8e9-5efd391daa1d]: IDLE
[debug] [2020-02-10T01:42:06.331Z] [work-queue] {"queueLength":0,"workRunningCount":0}
[debug] [2020-02-10T01:42:06.334Z] [work-queue] {"queueLength":1,"workRunningCount":0}
[debug] [2020-02-10T01:42:06.334Z] [work-queue] {"queueLength":0,"workRunningCount":1}
[debug] [2020-02-10T01:42:06.334Z] Accepted request GET /classting-c59dd/us-central1/vote/all --> vote
[debug] [2020-02-10T01:42:06.334Z] [worker-pool] submitWork(triggerId=vote)
[debug] [2020-02-10T01:42:06.334Z] [worker-vote-46a8d887-54d5-498c-a8e9-5efd391daa1d]: Assigning socketPath: /var/folders/h6/gnq4hnxd1g3gzw050n48gb4r0000gn/T/fire_emu_10154.sock
[debug] [2020-02-10T01:42:06.334Z] [worker-vote-46a8d887-54d5-498c-a8e9-5efd391daa1d]: BUSY
[debug] [2020-02-10T01:42:06.342Z] [runtime-status] [10154] Trigger "vote" has been found, beginning invocation!
[info] i  functions: Beginning execution of "vote"
[debug] [2020-02-10T01:42:06.343Z] [runtime-status] [10154] triggerDefinition {"regions":["asia-east2"],"httpsTrigger":{},"name":"vote","entryPoint":"vote"}
[debug] [2020-02-10T01:42:06.343Z] [runtime-status] [10154] Running vote in mode HTTPS
[debug] [2020-02-10T01:42:06.344Z] [runtime-status] [10154] Attempting to listen to socketPath: /var/folders/h6/gnq4hnxd1g3gzw050n48gb4r0000gn/T/fire_emu_10154.sock
[debug] [2020-02-10T01:42:06.344Z] [functions] Runtime ready! Sending request!
[debug] [2020-02-10T01:42:06.346Z] [runtime-status] [10154] Ephemeral server handling GET request
[debug] [2020-02-10T01:42:06.346Z] [runtime-status] [10154] Ephemeral server survived.
[info] i  functions: Finished "vote" in ~1s
[debug] [2020-02-10T01:42:06.876Z] [worker-vote-46a8d887-54d5-498c-a8e9-5efd391daa1d]: IDLE
[debug] [2020-02-10T01:42:06.876Z] [work-queue] {"queueLength":0,"workRunningCount":0}
[debug] [2020-02-10T02:34:11.149Z] [work-queue] {"queueLength":1,"workRunningCount":0}
[debug] [2020-02-10T02:34:11.151Z] [work-queue] {"queueLength":0,"workRunningCount":1}
[debug] [2020-02-10T02:34:11.152Z] Accepted request OPTIONS /classting-c59dd/us-central1/vote/all --> vote
[debug] [2020-02-10T02:34:11.152Z] [worker-pool] submitWork(triggerId=vote)
[debug] [2020-02-10T02:34:11.153Z] [worker-vote-46a8d887-54d5-498c-a8e9-5efd391daa1d]: Assigning socketPath: /var/folders/h6/gnq4hnxd1g3gzw050n48gb4r0000gn/T/fire_emu_10154.sock
[debug] [2020-02-10T02:34:11.153Z] [worker-vote-46a8d887-54d5-498c-a8e9-5efd391daa1d]: BUSY
[debug] [2020-02-10T02:34:11.157Z] [runtime-status] [10154] Trigger "vote" has been found, beginning invocation!
[info] i  functions: Beginning execution of "vote"
[debug] [2020-02-10T02:34:11.158Z] [runtime-status] [10154] triggerDefinition {"regions":["asia-east2"],"httpsTrigger":{},"name":"vote","entryPoint":"vote"}
[debug] [2020-02-10T02:34:11.159Z] [runtime-status] [10154] Running vote in mode HTTPS
[debug] [2020-02-10T02:34:11.161Z] [runtime-status] [10154] Attempting to listen to socketPath: /var/folders/h6/gnq4hnxd1g3gzw050n48gb4r0000gn/T/fire_emu_10154.sock
[debug] [2020-02-10T02:34:11.167Z] [functions] Runtime ready! Sending request!
[debug] [2020-02-10T02:34:11.173Z] [runtime-status] [10154] Ephemeral server handling OPTIONS request
[debug] [2020-02-10T02:34:11.175Z] [runtime-status] [10154] Ephemeral server survived.
[info] i  functions: Finished "vote" in ~1s
[debug] [2020-02-10T02:34:11.176Z] [worker-vote-46a8d887-54d5-498c-a8e9-5efd391daa1d]: IDLE
[debug] [2020-02-10T02:34:11.176Z] [work-queue] {"queueLength":0,"workRunningCount":0}
[debug] [2020-02-10T02:34:11.181Z] [work-queue] {"queueLength":1,"workRunningCount":0}
[debug] [2020-02-10T02:34:11.182Z] [work-queue] {"queueLength":0,"workRunningCount":1}
[debug] [2020-02-10T02:34:11.182Z] Accepted request GET /classting-c59dd/us-central1/vote/all --> vote
[debug] [2020-02-10T02:34:11.182Z] [worker-pool] submitWork(triggerId=vote)
[debug] [2020-02-10T02:34:11.182Z] [worker-vote-46a8d887-54d5-498c-a8e9-5efd391daa1d]: Assigning socketPath: /var/folders/h6/gnq4hnxd1g3gzw050n48gb4r0000gn/T/fire_emu_10154.sock
[debug] [2020-02-10T02:34:11.182Z] [worker-vote-46a8d887-54d5-498c-a8e9-5efd391daa1d]: BUSY
[debug] [2020-02-10T02:34:11.187Z] [runtime-status] [10154] Trigger "vote" has been found, beginning invocation!
[info] i  functions: Beginning execution of "vote"
[debug] [2020-02-10T02:34:11.188Z] [runtime-status] [10154] triggerDefinition {"regions":["asia-east2"],"httpsTrigger":{},"name":"vote","entryPoint":"vote"}
[debug] [2020-02-10T02:34:11.188Z] [runtime-status] [10154] Running vote in mode HTTPS
[debug] [2020-02-10T02:34:11.188Z] [runtime-status] [10154] Attempting to listen to socketPath: /var/folders/h6/gnq4hnxd1g3gzw050n48gb4r0000gn/T/fire_emu_10154.sock
[debug] [2020-02-10T02:34:11.189Z] [functions] Runtime ready! Sending request!
[debug] [2020-02-10T02:34:11.192Z] [runtime-status] [10154] Ephemeral server handling GET request
[debug] [2020-02-10T02:34:11.194Z] [runtime-status] [10154] Ephemeral server survived.
[info] i  functions: Finished "vote" in ~1s
[debug] [2020-02-10T02:34:11.963Z] [worker-vote-46a8d887-54d5-498c-a8e9-5efd391daa1d]: IDLE
[debug] [2020-02-10T02:34:11.963Z] [work-queue] {"queueLength":0,"workRunningCount":0}
[debug] [2020-02-10T02:43:42.526Z] [work-queue] {"queueLength":1,"workRunningCount":0}
[debug] [2020-02-10T02:43:42.526Z] [work-queue] {"queueLength":0,"workRunningCount":1}
[debug] [2020-02-10T02:43:42.526Z] Accepted request OPTIONS /classting-c59dd/us-central1/vote/all --> vote
[debug] [2020-02-10T02:43:42.526Z] [worker-pool] submitWork(triggerId=vote)
[debug] [2020-02-10T02:43:42.526Z] [worker-vote-46a8d887-54d5-498c-a8e9-5efd391daa1d]: Assigning socketPath: /var/folders/h6/gnq4hnxd1g3gzw050n48gb4r0000gn/T/fire_emu_10154.sock
[debug] [2020-02-10T02:43:42.526Z] [worker-vote-46a8d887-54d5-498c-a8e9-5efd391daa1d]: BUSY
[debug] [2020-02-10T02:43:42.531Z] [runtime-status] [10154] Trigger "vote" has been found, beginning invocation!
[info] i  functions: Beginning execution of "vote"
[debug] [2020-02-10T02:43:42.534Z] [runtime-status] [10154] triggerDefinition {"regions":["asia-east2"],"httpsTrigger":{},"name":"vote","entryPoint":"vote"}
[debug] [2020-02-10T02:43:42.534Z] [runtime-status] [10154] Running vote in mode HTTPS
[debug] [2020-02-10T02:43:42.534Z] [runtime-status] [10154] Attempting to listen to socketPath: /var/folders/h6/gnq4hnxd1g3gzw050n48gb4r0000gn/T/fire_emu_10154.sock
[debug] [2020-02-10T02:43:42.537Z] [functions] Runtime ready! Sending request!
[debug] [2020-02-10T02:43:42.540Z] [runtime-status] [10154] Ephemeral server handling OPTIONS request
[debug] [2020-02-10T02:43:42.541Z] [runtime-status] [10154] Ephemeral server survived.
[info] i  functions: Finished "vote" in ~1s
[debug] [2020-02-10T02:43:42.543Z] [worker-vote-46a8d887-54d5-498c-a8e9-5efd391daa1d]: IDLE
[debug] [2020-02-10T02:43:42.543Z] [work-queue] {"queueLength":0,"workRunningCount":0}
[debug] [2020-02-10T02:43:42.547Z] [work-queue] {"queueLength":1,"workRunningCount":0}
[debug] [2020-02-10T02:43:42.548Z] [work-queue] {"queueLength":0,"workRunningCount":1}
[debug] [2020-02-10T02:43:42.548Z] Accepted request GET /classting-c59dd/us-central1/vote/all --> vote
[debug] [2020-02-10T02:43:42.548Z] [worker-pool] submitWork(triggerId=vote)
[debug] [2020-02-10T02:43:42.548Z] [worker-vote-46a8d887-54d5-498c-a8e9-5efd391daa1d]: Assigning socketPath: /var/folders/h6/gnq4hnxd1g3gzw050n48gb4r0000gn/T/fire_emu_10154.sock
[debug] [2020-02-10T02:43:42.548Z] [worker-vote-46a8d887-54d5-498c-a8e9-5efd391daa1d]: BUSY
[debug] [2020-02-10T02:43:42.553Z] [runtime-status] [10154] Trigger "vote" has been found, beginning invocation!
[info] i  functions: Beginning execution of "vote"
[debug] [2020-02-10T02:43:42.553Z] [runtime-status] [10154] triggerDefinition {"regions":["asia-east2"],"httpsTrigger":{},"name":"vote","entryPoint":"vote"}
[debug] [2020-02-10T02:43:42.554Z] [runtime-status] [10154] Running vote in mode HTTPS
[debug] [2020-02-10T02:43:42.554Z] [runtime-status] [10154] Attempting to listen to socketPath: /var/folders/h6/gnq4hnxd1g3gzw050n48gb4r0000gn/T/fire_emu_10154.sock
[debug] [2020-02-10T02:43:42.555Z] [functions] Runtime ready! Sending request!
[debug] [2020-02-10T02:43:42.557Z] [runtime-status] [10154] Ephemeral server handling GET request
[debug] [2020-02-10T02:43:42.557Z] [runtime-status] [10154] Ephemeral server survived.
[info] i  functions: Finished "vote" in ~1s
[debug] [2020-02-10T02:43:43.152Z] [worker-vote-46a8d887-54d5-498c-a8e9-5efd391daa1d]: IDLE
[debug] [2020-02-10T02:43:43.152Z] [work-queue] {"queueLength":0,"workRunningCount":0}
[debug] [2020-02-10T02:44:10.773Z] [work-queue] {"queueLength":1,"workRunningCount":0}
[debug] [2020-02-10T02:44:10.773Z] [work-queue] {"queueLength":0,"workRunningCount":1}
[debug] [2020-02-10T02:44:10.773Z] Accepted request OPTIONS /classting-c59dd/us-central1/vote/all --> vote
[debug] [2020-02-10T02:44:10.773Z] [worker-pool] submitWork(triggerId=vote)
[debug] [2020-02-10T02:44:10.773Z] [worker-vote-46a8d887-54d5-498c-a8e9-5efd391daa1d]: Assigning socketPath: /var/folders/h6/gnq4hnxd1g3gzw050n48gb4r0000gn/T/fire_emu_10154.sock
[debug] [2020-02-10T02:44:10.774Z] [worker-vote-46a8d887-54d5-498c-a8e9-5efd391daa1d]: BUSY
[debug] [2020-02-10T02:44:10.774Z] [runtime-status] [10154] Trigger "vote" has been found, beginning invocation!
[info] i  functions: Beginning execution of "vote"
[debug] [2020-02-10T02:44:10.774Z] [runtime-status] [10154] triggerDefinition {"regions":["asia-east2"],"httpsTrigger":{},"name":"vote","entryPoint":"vote"}
[debug] [2020-02-10T02:44:10.774Z] [runtime-status] [10154] Running vote in mode HTTPS
[debug] [2020-02-10T02:44:10.775Z] [runtime-status] [10154] Attempting to listen to socketPath: /var/folders/h6/gnq4hnxd1g3gzw050n48gb4r0000gn/T/fire_emu_10154.sock
[debug] [2020-02-10T02:44:10.776Z] [functions] Runtime ready! Sending request!
[debug] [2020-02-10T02:44:10.779Z] [runtime-status] [10154] Ephemeral server handling OPTIONS request
[debug] [2020-02-10T02:44:10.780Z] [runtime-status] [10154] Ephemeral server survived.
[info] i  functions: Finished "vote" in ~1s
[debug] [2020-02-10T02:44:10.781Z] [worker-vote-46a8d887-54d5-498c-a8e9-5efd391daa1d]: IDLE
[debug] [2020-02-10T02:44:10.781Z] [work-queue] {"queueLength":0,"workRunningCount":0}
[debug] [2020-02-10T02:44:10.783Z] [work-queue] {"queueLength":1,"workRunningCount":0}
[debug] [2020-02-10T02:44:10.783Z] [work-queue] {"queueLength":0,"workRunningCount":1}
[debug] [2020-02-10T02:44:10.783Z] Accepted request GET /classting-c59dd/us-central1/vote/all --> vote
[debug] [2020-02-10T02:44:10.783Z] [worker-pool] submitWork(triggerId=vote)
[debug] [2020-02-10T02:44:10.784Z] [worker-vote-46a8d887-54d5-498c-a8e9-5efd391daa1d]: Assigning socketPath: /var/folders/h6/gnq4hnxd1g3gzw050n48gb4r0000gn/T/fire_emu_10154.sock
[debug] [2020-02-10T02:44:10.784Z] [worker-vote-46a8d887-54d5-498c-a8e9-5efd391daa1d]: BUSY
[debug] [2020-02-10T02:44:10.792Z] [runtime-status] [10154] Trigger "vote" has been found, beginning invocation!
[info] i  functions: Beginning execution of "vote"
[debug] [2020-02-10T02:44:10.792Z] [runtime-status] [10154] triggerDefinition {"regions":["asia-east2"],"httpsTrigger":{},"name":"vote","entryPoint":"vote"}
[debug] [2020-02-10T02:44:10.792Z] [runtime-status] [10154] Running vote in mode HTTPS
[debug] [2020-02-10T02:44:10.792Z] [runtime-status] [10154] Attempting to listen to socketPath: /var/folders/h6/gnq4hnxd1g3gzw050n48gb4r0000gn/T/fire_emu_10154.sock
[debug] [2020-02-10T02:44:10.794Z] [functions] Runtime ready! Sending request!
[debug] [2020-02-10T02:44:10.796Z] [runtime-status] [10154] Ephemeral server handling GET request
[debug] [2020-02-10T02:44:10.796Z] [runtime-status] [10154] Ephemeral server survived.
[info] i  functions: Finished "vote" in ~1s
[debug] [2020-02-10T02:44:11.037Z] [worker-vote-46a8d887-54d5-498c-a8e9-5efd391daa1d]: IDLE
[debug] [2020-02-10T02:44:11.037Z] [work-queue] {"queueLength":0,"workRunningCount":0}
