[debug] [2020-02-08T11:19:52.379Z] ----------------------------------------------------------------------
[debug] [2020-02-08T11:19:52.381Z] Command:       /Users/lee/.nvm/versions/node/v10.15.3/bin/node /Users/lee/.nvm/versions/node/v10.15.3/bin/firebase serve --only functions
[debug] [2020-02-08T11:19:52.381Z] CLI Version:   7.12.1
[debug] [2020-02-08T11:19:52.382Z] Platform:      darwin
[debug] [2020-02-08T11:19:52.382Z] Node Version:  v10.15.3
[debug] [2020-02-08T11:19:52.382Z] Time:          Sat Feb 08 2020 20:19:52 GMT+0900 (GMT+09:00)
[debug] [2020-02-08T11:19:52.382Z] ----------------------------------------------------------------------
[debug] [2020-02-08T11:19:52.382Z] 
[debug] [2020-02-08T11:19:52.396Z] > command requires scopes: ["email","openid","https://www.googleapis.com/auth/cloudplatformprojects.readonly","https://www.googleapis.com/auth/firebase","https://www.googleapis.com/auth/cloud-platform"]
[debug] [2020-02-08T11:19:52.397Z] > authorizing via signed-in user
[debug] [2020-02-08T11:19:52.397Z] [iam] checking project classting-c59dd for permissions ["firebase.projects.get"]
[debug] [2020-02-08T11:19:52.398Z] > refreshing access token with scopes: ["email","https://www.googleapis.com/auth/cloud-platform","https://www.googleapis.com/auth/cloudplatformprojects.readonly","https://www.googleapis.com/auth/firebase","openid"]
[debug] [2020-02-08T11:19:52.399Z] >>> HTTP REQUEST POST https://www.googleapis.com/oauth2/v3/token  
 <request body omitted>
[debug] [2020-02-08T11:19:52.835Z] <<< HTTP RESPONSE 200
[debug] [2020-02-08T11:19:52.843Z] >>> HTTP REQUEST POST https://cloudresourcemanager.googleapis.com/v1/projects/classting-c59dd:testIamPermissions  

[debug] [2020-02-08T11:19:53.779Z] <<< HTTP RESPONSE 200
[debug] [2020-02-08T11:19:53.780Z] >>> HTTP REQUEST GET https://firebase.googleapis.com/v1beta1/projects/classting-c59dd  
 
[debug] [2020-02-08T11:19:55.120Z] <<< HTTP RESPONSE 200
[info] ✔  functions: Using node@10 from host.
[info] ✔  functions: Emulator started at http://localhost:5000
[info] i  functions: Watching "/Users/lee/Desktop/lsh/classting/functions" for Cloud Functions...
[debug] [2020-02-08T11:19:55.399Z] [worker-pool] addWorker(~diagnostic~)
[debug] [2020-02-08T11:19:55.399Z] [worker-pool] Adding worker with key ~diagnostic~, total=1
[debug] [2020-02-08T11:19:55.399Z] [worker-pool] submitWork(triggerId=)
[debug] [2020-02-08T11:19:55.400Z] [worker-~diagnostic~-5e3c7505-ded4-444b-887e-000ce51989b9]: Assigning socketPath: /var/folders/h6/gnq4hnxd1g3gzw050n48gb4r0000gn/T/fire_emu_635.sock
[debug] [2020-02-08T11:19:55.401Z] [worker-~diagnostic~-5e3c7505-ded4-444b-887e-000ce51989b9]: BUSY
[debug] [2020-02-08T11:19:55.680Z] [runtime-status] [635] Functions runtime initialized. {"cwd":"/Users/lee/Desktop/lsh/classting/functions","node_version":"10.15.3"}
[debug] [2020-02-08T11:19:55.682Z] [runtime-status] [635] Disabled runtime features: {"functions_config_helper":true,"network_filtering":true,"timeout":true,"memory_limiting":true,"admin_stubs":true,"pubsub_emulator":true}
[debug] [2020-02-08T11:19:55.685Z] [runtime-status] [635] Resolved module firebase-admin {"declared":true,"installed":true,"version":"8.9.2","resolution":"/Users/lee/Desktop/lsh/classting/functions/node_modules/firebase-admin/lib/index.js"}
[debug] [2020-02-08T11:19:55.686Z] [runtime-status] [635] Resolved module firebase-functions {"declared":true,"installed":true,"version":"3.3.0","resolution":"/Users/lee/Desktop/lsh/classting/functions/node_modules/firebase-functions/lib/index.js"}
[debug] [2020-02-08T11:19:55.686Z] [runtime-status] [635] Resolved module firebase-functions {"declared":true,"installed":true,"version":"3.3.0","resolution":"/Users/lee/Desktop/lsh/classting/functions/node_modules/firebase-functions/lib/index.js"}
[debug] [2020-02-08T11:19:56.201Z] Unsupported trigger: {"eventTrigger":{"resource":"projects/classting-c59dd","eventType":"providers/firebase.auth/eventTypes/user.create","service":"firebaseauth.googleapis.com"},"name":"createUser","entryPoint":"createUser"}
[info] ✔  functions[vote]: http function initialized (http://localhost:5000/classting-c59dd/us-central1/vote).
[info] i  functions[createUser]: function ignored because the firebaseauth.googleapis.com emulator does not exist or is not running.
[debug] [2020-02-08T11:19:56.202Z] [worker-~diagnostic~-5e3c7505-ded4-444b-887e-000ce51989b9]: IDLE
